{"numTotalTestSuites":160,"numPassedTestSuites":160,"numFailedTestSuites":0,"numPendingTestSuites":0,"numTotalTests":300,"numPassedTests":300,"numFailedTests":0,"numPendingTests":0,"numTodoTests":0,"snapshot":{"added":0,"failure":false,"filesAdded":0,"filesRemoved":0,"filesRemovedList":[],"filesUnmatched":0,"filesUpdated":0,"matched":0,"total":0,"unchecked":0,"uncheckedKeysByFile":[],"unmatched":0,"updated":0,"didUpdate":false},"startTime":1751992338292,"success":true,"testResults":[{"assertionResults":[{"ancestorTitles":["AppController Basic"],"fullName":"AppController Basic should be defined","status":"passed","title":"should be defined","duration":0.5161249999999882,"failureMessages":[],"meta":{}},{"ancestorTitles":["AppController Basic"],"fullName":"AppController Basic should have constructor","status":"passed","title":"should have constructor","duration":0.055999999999983174,"failureMessages":[],"meta":{}},{"ancestorTitles":["AppController Basic"],"fullName":"AppController Basic should have createRoom method","status":"passed","title":"should have createRoom method","duration":0.09841699999998355,"failureMessages":[],"meta":{}},{"ancestorTitles":["AppController Basic"],"fullName":"AppController Basic should have getRoom method","status":"passed","title":"should have getRoom method","duration":0.050957999999980075,"failureMessages":[],"meta":{}}],"startTime":1751992339723,"endTime":1751992339724.051,"status":"passed","message":"","name":"/Users/daniel/Projects/p2piano/service/src/app.controller.basic.spec.ts"},{"assertionResults":[{"ancestorTitles":["AppService","createRoom"],"fullName":"AppService createRoom should create a room successfully","status":"passed","title":"should create a room successfully","duration":5.551375000000007,"failureMessages":[],"meta":{}},{"ancestorTitles":["AppService","createRoom"],"fullName":"AppService createRoom should return the room response from Room.create","status":"passed","title":"should return the room response from Room.create","duration":0.5600419999999531,"failureMessages":[],"meta":{}},{"ancestorTitles":["AppService","createRoom"],"fullName":"AppService createRoom should propagate errors from Room.create","status":"passed","title":"should propagate errors from Room.create","duration":3.2244159999999624,"failureMessages":[],"meta":{}},{"ancestorTitles":["AppService","createRoom"],"fullName":"AppService createRoom should call Room.create without arguments","status":"passed","title":"should call Room.create without arguments","duration":0.6059999999999945,"failureMessages":[],"meta":{}},{"ancestorTitles":["AppService","getRoom"],"fullName":"AppService getRoom should get a room successfully","status":"passed","title":"should get a room successfully","duration":0.41808299999996734,"failureMessages":[],"meta":{}},{"ancestorTitles":["AppService","getRoom"],"fullName":"AppService getRoom should return the room response from room.get","status":"passed","title":"should return the room response from room.get","duration":0.28541699999999537,"failureMessages":[],"meta":{}},{"ancestorTitles":["AppService","getRoom"],"fullName":"AppService getRoom should propagate errors from room.get","status":"passed","title":"should propagate errors from room.get","duration":0.429916999999989,"failureMessages":[],"meta":{}},{"ancestorTitles":["AppService","getRoom"],"fullName":"AppService getRoom should call room.get without arguments","status":"passed","title":"should call room.get without arguments","duration":0.31212499999998045,"failureMessages":[],"meta":{}},{"ancestorTitles":["AppService","integration behavior"],"fullName":"AppService integration behavior should handle different room IDs independently","status":"passed","title":"should handle different room IDs independently","duration":0.3625839999999698,"failureMessages":[],"meta":{}},{"ancestorTitles":["AppService","integration behavior"],"fullName":"AppService integration behavior should handle mixed success and error scenarios","status":"passed","title":"should handle mixed success and error scenarios","duration":0.42962499999998727,"failureMessages":[],"meta":{}}],"startTime":1751992338794,"endTime":1751992338806.4297,"status":"passed","message":"","name":"/Users/daniel/Projects/p2piano/service/src/app.service.spec.ts"},{"assertionResults":[{"ancestorTitles":["AppService","createRoom"],"fullName":"AppService createRoom should call Room.create() and return the result","status":"passed","title":"should call Room.create() and return the result","duration":7.377291000000014,"failureMessages":[],"meta":{}},{"ancestorTitles":["AppService","createRoom"],"fullName":"AppService createRoom should propagate errors from Room.create()","status":"passed","title":"should propagate errors from Room.create()","duration":3.2775420000000395,"failureMessages":[],"meta":{}},{"ancestorTitles":["AppService","getRoom"],"fullName":"AppService getRoom should create Room instance with correct ID and call get()","status":"passed","title":"should create Room instance with correct ID and call get()","duration":0.8836670000000026,"failureMessages":[],"meta":{}},{"ancestorTitles":["AppService","getRoom"],"fullName":"AppService getRoom should propagate errors from room.get()","status":"passed","title":"should propagate errors from room.get()","duration":0.5574580000000537,"failureMessages":[],"meta":{}}],"startTime":1751992338766,"endTime":1751992338778.5574,"status":"passed","message":"","name":"/Users/daniel/Projects/p2piano/service/src/app.service.test.ts"},{"assertionResults":[{"ancestorTitles":["SessionIoAdapter","createIOServer"],"fullName":"SessionIoAdapter createIOServer should create server with proper configuration","status":"passed","title":"should create server with proper configuration","duration":8.130333999999948,"failureMessages":[],"meta":{}},{"ancestorTitles":["SessionIoAdapter","createIOServer"],"fullName":"SessionIoAdapter createIOServer should configure allowRequest callback for session validation","status":"passed","title":"should configure allowRequest callback for session validation","duration":0.806250000000091,"failureMessages":[],"meta":{}},{"ancestorTitles":["SessionIoAdapter","createIOServer"],"fullName":"SessionIoAdapter createIOServer should reject connections without valid sessions","status":"passed","title":"should reject connections without valid sessions","duration":0.5941250000000764,"failureMessages":[],"meta":{}},{"ancestorTitles":["SessionIoAdapter","createIOServer"],"fullName":"SessionIoAdapter createIOServer should handle session validation errors gracefully","status":"passed","title":"should handle session validation errors gracefully","duration":2.7111659999999347,"failureMessages":[],"meta":{}},{"ancestorTitles":["SessionIoAdapter","createIOServer"],"fullName":"SessionIoAdapter createIOServer should preserve original options while adding allowRequest","status":"passed","title":"should preserve original options while adding allowRequest","duration":0.3923330000000078,"failureMessages":[],"meta":{}},{"ancestorTitles":["SessionIoAdapter","createIOServer"],"fullName":"SessionIoAdapter createIOServer should work with minimal options","status":"passed","title":"should work with minimal options","duration":0.2850419999999758,"failureMessages":[],"meta":{}},{"ancestorTitles":["SessionIoAdapter","Session Validation Integration"],"fullName":"SessionIoAdapter Session Validation Integration should validate sessions consistently across different request types","status":"passed","title":"should validate sessions consistently across different request types","duration":0.5545419999999694,"failureMessages":[],"meta":{}}],"startTime":1751992339097,"endTime":1751992339110.5544,"status":"passed","message":"","name":"/Users/daniel/Projects/p2piano/service/src/adapters/session-io.adapter.test.ts"},{"assertionResults":[{"ancestorTitles":["AuthGuard","valid sessions"],"fullName":"AuthGuard valid sessions should allow access when session validation succeeds","status":"passed","title":"should allow access when session validation succeeds","duration":5.540624999999977,"failureMessages":[],"meta":{}},{"ancestorTitles":["AuthGuard","valid sessions"],"fullName":"AuthGuard valid sessions should call validateAndAttachToRequest with correct request object","status":"passed","title":"should call validateAndAttachToRequest with correct request object","duration":0.8947500000000446,"failureMessages":[],"meta":{}},{"ancestorTitles":["AuthGuard","invalid sessions"],"fullName":"AuthGuard invalid sessions should throw UnauthorizedException when session validation fails","status":"passed","title":"should throw UnauthorizedException when session validation fails","duration":1.0864589999999907,"failureMessages":[],"meta":{}},{"ancestorTitles":["AuthGuard","invalid sessions"],"fullName":"AuthGuard invalid sessions should throw UnauthorizedException when session validator throws error","status":"passed","title":"should throw UnauthorizedException when session validator throws error","duration":0.4726250000001073,"failureMessages":[],"meta":{}},{"ancestorTitles":["AuthGuard","invalid sessions"],"fullName":"AuthGuard invalid sessions should handle various request types","status":"passed","title":"should handle various request types","duration":0.7368329999999332,"failureMessages":[],"meta":{}},{"ancestorTitles":["AuthGuard","integration with SessionValidatorService"],"fullName":"AuthGuard integration with SessionValidatorService should delegate all validation logic to SessionValidatorService","status":"passed","title":"should delegate all validation logic to SessionValidatorService","duration":0.33720800000003237,"failureMessages":[],"meta":{}},{"ancestorTitles":["AuthGuard","integration with SessionValidatorService"],"fullName":"AuthGuard integration with SessionValidatorService should pass the correct request object to SessionValidatorService","status":"passed","title":"should pass the correct request object to SessionValidatorService","duration":0.3619170000000622,"failureMessages":[],"meta":{}}],"startTime":1751992339030,"endTime":1751992339039.3618,"status":"passed","message":"","name":"/Users/daniel/Projects/p2piano/service/src/auth/auth.guard.test.ts"},{"assertionResults":[{"ancestorTitles":["AutoSessionGuard","Session Creation and Validation"],"fullName":"AutoSessionGuard Session Creation and Validation should create new session when none exists","status":"passed","title":"should create new session when none exists","duration":6.41316699999993,"failureMessages":[],"meta":{}},{"ancestorTitles":["AutoSessionGuard","Session Creation and Validation"],"fullName":"AutoSessionGuard Session Creation and Validation should return existing session when valid","status":"passed","title":"should return existing session when valid","duration":0.7726669999999558,"failureMessages":[],"meta":{}},{"ancestorTitles":["AutoSessionGuard","Session Creation and Validation"],"fullName":"AutoSessionGuard Session Creation and Validation should handle session creation errors gracefully","status":"passed","title":"should handle session creation errors gracefully","duration":0.6280829999999469,"failureMessages":[],"meta":{}},{"ancestorTitles":["AutoSessionGuard","Different Request Types"],"fullName":"AutoSessionGuard Different Request Types should handle requests with session cookies","status":"passed","title":"should handle requests with session cookies","duration":0.4965419999999767,"failureMessages":[],"meta":{}},{"ancestorTitles":["AutoSessionGuard","Different Request Types"],"fullName":"AutoSessionGuard Different Request Types should handle requests with authorization headers","status":"passed","title":"should handle requests with authorization headers","duration":0.4182500000000573,"failureMessages":[],"meta":{}},{"ancestorTitles":["AutoSessionGuard","Different Request Types"],"fullName":"AutoSessionGuard Different Request Types should handle requests with no session information","status":"passed","title":"should handle requests with no session information","duration":0.36370899999997164,"failureMessages":[],"meta":{}},{"ancestorTitles":["AutoSessionGuard","Session Cookie Configuration"],"fullName":"AutoSessionGuard Session Cookie Configuration should configure secure cookies in production","status":"passed","title":"should configure secure cookies in production","duration":0.6683749999999691,"failureMessages":[],"meta":{}},{"ancestorTitles":["AutoSessionGuard","Edge Cases"],"fullName":"AutoSessionGuard Edge Cases should handle missing request context gracefully","status":"passed","title":"should handle missing request context gracefully","duration":0.3751669999999194,"failureMessages":[],"meta":{}},{"ancestorTitles":["AutoSessionGuard","Edge Cases"],"fullName":"AutoSessionGuard Edge Cases should handle missing response context gracefully","status":"passed","title":"should handle missing response context gracefully","duration":0.36266699999998764,"failureMessages":[],"meta":{}},{"ancestorTitles":["AutoSessionGuard","Edge Cases"],"fullName":"AutoSessionGuard Edge Cases should handle concurrent requests properly","status":"passed","title":"should handle concurrent requests properly","duration":0.468166999999994,"failureMessages":[],"meta":{}},{"ancestorTitles":["AutoSessionGuard","IP Address Handling"],"fullName":"AutoSessionGuard IP Address Handling should pass client IP to session creation","status":"passed","title":"should pass client IP to session creation","duration":0.4120829999999387,"failureMessages":[],"meta":{}},{"ancestorTitles":["AutoSessionGuard","IP Address Handling"],"fullName":"AutoSessionGuard IP Address Handling should handle requests from different IP addresses","status":"passed","title":"should handle requests from different IP addresses","duration":0.42604099999994105,"failureMessages":[],"meta":{}}],"startTime":1751992339077,"endTime":1751992339088.426,"status":"passed","message":"","name":"/Users/daniel/Projects/p2piano/service/src/auth/auto-session.guard.test.ts"},{"assertionResults":[{"ancestorTitles":["WsAuthGuard","Session Validation"],"fullName":"WsAuthGuard Session Validation should allow connection when session validation succeeds","status":"passed","title":"should allow connection when session validation succeeds","duration":44.52329199999997,"failureMessages":[],"meta":{}},{"ancestorTitles":["WsAuthGuard","Session Validation"],"fullName":"WsAuthGuard Session Validation should reject connection when session validation fails","status":"passed","title":"should reject connection when session validation fails","duration":0.9927500000000009,"failureMessages":[],"meta":{}},{"ancestorTitles":["WsAuthGuard","Session Validation"],"fullName":"WsAuthGuard Session Validation should handle session validation errors gracefully","status":"passed","title":"should handle session validation errors gracefully","duration":0.7340000000000373,"failureMessages":[],"meta":{}},{"ancestorTitles":["WsAuthGuard","Different Session Sources"],"fullName":"WsAuthGuard Different Session Sources should validate sessions from handshake auth","status":"passed","title":"should validate sessions from handshake auth","duration":0.5281670000000531,"failureMessages":[],"meta":{}},{"ancestorTitles":["WsAuthGuard","Different Session Sources"],"fullName":"WsAuthGuard Different Session Sources should validate sessions from authorization headers","status":"passed","title":"should validate sessions from authorization headers","duration":0.49470800000005966,"failureMessages":[],"meta":{}},{"ancestorTitles":["WsAuthGuard","Different Session Sources"],"fullName":"WsAuthGuard Different Session Sources should validate sessions from cookies","status":"passed","title":"should validate sessions from cookies","duration":0.4608340000000908,"failureMessages":[],"meta":{}},{"ancestorTitles":["WsAuthGuard","Edge Cases"],"fullName":"WsAuthGuard Edge Cases should handle missing execution context gracefully","status":"passed","title":"should handle missing execution context gracefully","duration":0.4954579999999851,"failureMessages":[],"meta":{}},{"ancestorTitles":["WsAuthGuard","Edge Cases"],"fullName":"WsAuthGuard Edge Cases should handle malformed clients gracefully","status":"passed","title":"should handle malformed clients gracefully","duration":0.475832999999966,"failureMessages":[],"meta":{}},{"ancestorTitles":["WsAuthGuard","Edge Cases"],"fullName":"WsAuthGuard Edge Cases should handle concurrent validation requests","status":"passed","title":"should handle concurrent validation requests","duration":9.846916999999962,"failureMessages":[],"meta":{}},{"ancestorTitles":["WsAuthGuard","Security Scenarios"],"fullName":"WsAuthGuard Security Scenarios should reject connections with empty session data","status":"passed","title":"should reject connections with empty session data","duration":0.6853750000000218,"failureMessages":[],"meta":{}},{"ancestorTitles":["WsAuthGuard","Security Scenarios"],"fullName":"WsAuthGuard Security Scenarios should reject connections with malformed session IDs","status":"passed","title":"should reject connections with malformed session IDs","duration":0.3537500000001046,"failureMessages":[],"meta":{}}],"startTime":1751992339218,"endTime":1751992339277.6853,"status":"passed","message":"","name":"/Users/daniel/Projects/p2piano/service/src/auth/ws-auth.guard.test.ts"},{"assertionResults":[{"ancestorTitles":["Database","Module exports"],"fullName":"Database Module exports should export a database instance as default","status":"passed","title":"should export a database instance as default","duration":1.1433749999999918,"failureMessages":[],"meta":{}},{"ancestorTitles":["Database","Module exports"],"fullName":"Database Module exports should export database with collection method","status":"passed","title":"should export database with collection method","duration":0.13595799999998803,"failureMessages":[],"meta":{}},{"ancestorTitles":["Database","Module exports"],"fullName":"Database Module exports should return same instance on multiple imports","status":"passed","title":"should return same instance on multiple imports","duration":0.10470799999998803,"failureMessages":[],"meta":{}},{"ancestorTitles":["Database","Error handling"],"fullName":"Database Error handling should handle MongoDB connection errors gracefully","status":"passed","title":"should handle MongoDB connection errors gracefully","duration":1.3568750000000023,"failureMessages":[],"meta":{}},{"ancestorTitles":["Database","Error handling"],"fullName":"Database Error handling should provide database instance even with failed connections","status":"passed","title":"should provide database instance even with failed connections","duration":0.553875000000005,"failureMessages":[],"meta":{}},{"ancestorTitles":["Database","Configuration"],"fullName":"Database Configuration should initialize without errors","status":"passed","title":"should initialize without errors","duration":0.14358300000000668,"failureMessages":[],"meta":{}},{"ancestorTitles":["Database","Database operations"],"fullName":"Database Database operations should provide database instance that supports collection operations","status":"passed","title":"should provide database instance that supports collection operations","duration":0.1969169999999849,"failureMessages":[],"meta":{}},{"ancestorTitles":["Database","Database operations"],"fullName":"Database Database operations should handle database selection","status":"passed","title":"should handle database selection","duration":0.7446250000000134,"failureMessages":[],"meta":{}},{"ancestorTitles":["Database","DatabaseManager functionality"],"fullName":"Database DatabaseManager functionality should test basic database manager methods","status":"passed","title":"should test basic database manager methods","duration":3.359916999999996,"failureMessages":[],"meta":{}},{"ancestorTitles":["Database","DatabaseManager functionality"],"fullName":"Database DatabaseManager functionality should handle database operations","status":"passed","title":"should handle database operations","duration":3.7304160000000195,"failureMessages":[],"meta":{}},{"ancestorTitles":["Database","Resilience"],"fullName":"Database Resilience should not throw during module initialization","status":"passed","title":"should not throw during module initialization","duration":0.21758400000001643,"failureMessages":[],"meta":{}},{"ancestorTitles":["Database","Resilience"],"fullName":"Database Resilience should handle client instantiation errors","status":"passed","title":"should handle client instantiation errors","duration":1.5147910000000024,"failureMessages":[],"meta":{}},{"ancestorTitles":["Database","Resilience"],"fullName":"Database Resilience should handle logger initialization errors","status":"passed","title":"should handle logger initialization errors","duration":1.9933750000000146,"failureMessages":[],"meta":{}}],"startTime":1751992338543,"endTime":1751992338557.9934,"status":"passed","message":"","name":"/Users/daniel/Projects/p2piano/service/src/clients/Database.test.ts"},{"assertionResults":[{"ancestorTitles":["ConfigProvider","getNodeEnv"],"fullName":"ConfigProvider getNodeEnv should return NODE_ENV when set","status":"passed","title":"should return NODE_ENV when set","duration":0.8486660000000086,"failureMessages":[],"meta":{}},{"ancestorTitles":["ConfigProvider","getNodeEnv"],"fullName":"ConfigProvider getNodeEnv should return development as default","status":"passed","title":"should return development as default","duration":0.14158299999999713,"failureMessages":[],"meta":{}},{"ancestorTitles":["ConfigProvider","isProduction"],"fullName":"ConfigProvider isProduction should return true when NODE_ENV is production","status":"passed","title":"should return true when NODE_ENV is production","duration":0.11995899999999438,"failureMessages":[],"meta":{}},{"ancestorTitles":["ConfigProvider","isProduction"],"fullName":"ConfigProvider isProduction should return false when NODE_ENV is not production","status":"passed","title":"should return false when NODE_ENV is not production","duration":0.10087500000000205,"failureMessages":[],"meta":{}},{"ancestorTitles":["ConfigProvider","isTest"],"fullName":"ConfigProvider isTest should return true when NODE_ENV is test","status":"passed","title":"should return true when NODE_ENV is test","duration":0.10162499999998431,"failureMessages":[],"meta":{}},{"ancestorTitles":["ConfigProvider","isTest"],"fullName":"ConfigProvider isTest should return false when NODE_ENV is not test","status":"passed","title":"should return false when NODE_ENV is not test","duration":0.09475000000000477,"failureMessages":[],"meta":{}},{"ancestorTitles":["ConfigProvider","getMongoUri"],"fullName":"ConfigProvider getMongoUri should return MONGO_URI when set","status":"passed","title":"should return MONGO_URI when set","duration":0.09904199999999719,"failureMessages":[],"meta":{}},{"ancestorTitles":["ConfigProvider","getMongoUri"],"fullName":"ConfigProvider getMongoUri should return default when MONGO_URI not set","status":"passed","title":"should return default when MONGO_URI not set","duration":0.0922920000000147,"failureMessages":[],"meta":{}},{"ancestorTitles":["ConfigProvider","getPort"],"fullName":"ConfigProvider getPort should return PORT when set","status":"passed","title":"should return PORT when set","duration":0.10862499999998931,"failureMessages":[],"meta":{}},{"ancestorTitles":["ConfigProvider","getPort"],"fullName":"ConfigProvider getPort should return 3001 as default","status":"passed","title":"should return 3001 as default","duration":0.09258399999998801,"failureMessages":[],"meta":{}},{"ancestorTitles":["ConfigProvider","getPort"],"fullName":"ConfigProvider getPort should parse PORT as integer","status":"passed","title":"should parse PORT as integer","duration":0.09620899999998755,"failureMessages":[],"meta":{}},{"ancestorTitles":["ConfigProvider","getCookieSecret"],"fullName":"ConfigProvider getCookieSecret should return COOKIE_SECRET when set","status":"passed","title":"should return COOKIE_SECRET when set","duration":0.2637499999999875,"failureMessages":[],"meta":{}},{"ancestorTitles":["ConfigProvider","getCookieSecret"],"fullName":"ConfigProvider getCookieSecret should throw error in production when COOKIE_SECRET missing","status":"passed","title":"should throw error in production when COOKIE_SECRET missing","duration":0.4887080000000026,"failureMessages":[],"meta":{}},{"ancestorTitles":["ConfigProvider","getCookieSecret"],"fullName":"ConfigProvider getCookieSecret should warn and return default in development when COOKIE_SECRET missing","status":"passed","title":"should warn and return default in development when COOKIE_SECRET missing","duration":0.8280419999999822,"failureMessages":[],"meta":{}},{"ancestorTitles":["ConfigProvider","getCookieSecret"],"fullName":"ConfigProvider getCookieSecret should not warn in development when COOKIE_SECRET is set","status":"passed","title":"should not warn in development when COOKIE_SECRET is set","duration":0.1882500000000107,"failureMessages":[],"meta":{}},{"ancestorTitles":["ConfigProvider","validateEnvironment"],"fullName":"ConfigProvider validateEnvironment should pass validation in development with minimal config","status":"passed","title":"should pass validation in development with minimal config","duration":0.161625000000015,"failureMessages":[],"meta":{}},{"ancestorTitles":["ConfigProvider","validateEnvironment"],"fullName":"ConfigProvider validateEnvironment should require COOKIE_SECRET in production","status":"passed","title":"should require COOKIE_SECRET in production","duration":0.13400000000001455,"failureMessages":[],"meta":{}},{"ancestorTitles":["ConfigProvider","validateEnvironment"],"fullName":"ConfigProvider validateEnvironment should validate COOKIE_SECRET length in production","status":"passed","title":"should validate COOKIE_SECRET length in production","duration":0.11875000000000568,"failureMessages":[],"meta":{}},{"ancestorTitles":["ConfigProvider","validateEnvironment"],"fullName":"ConfigProvider validateEnvironment should validate MONGO_URI format when provided","status":"passed","title":"should validate MONGO_URI format when provided","duration":0.11358299999997712,"failureMessages":[],"meta":{}},{"ancestorTitles":["ConfigProvider","validateEnvironment"],"fullName":"ConfigProvider validateEnvironment should accept valid mongodb:// URI","status":"passed","title":"should accept valid mongodb:// URI","duration":0.10733399999998028,"failureMessages":[],"meta":{}},{"ancestorTitles":["ConfigProvider","validateEnvironment"],"fullName":"ConfigProvider validateEnvironment should accept valid mongodb+srv:// URI","status":"passed","title":"should accept valid mongodb+srv:// URI","duration":0.12174999999999159,"failureMessages":[],"meta":{}},{"ancestorTitles":["ConfigProvider","validateEnvironment"],"fullName":"ConfigProvider validateEnvironment should pass validation in production with proper config","status":"passed","title":"should pass validation in production with proper config","duration":0.1109170000000006,"failureMessages":[],"meta":{}}],"startTime":1751992339068,"endTime":1751992339073.1218,"status":"passed","message":"","name":"/Users/daniel/Projects/p2piano/service/src/config/ConfigProvider.spec.ts"},{"assertionResults":[{"ancestorTitles":["Room Entity","Room creation"],"fullName":"Room Entity Room creation should create a new room with generated ID","status":"passed","title":"should create a new room with generated ID","duration":2.9602089999999635,"failureMessages":[],"meta":{}},{"ancestorTitles":["Room Entity","Room creation"],"fullName":"Room Entity Room creation should generate unique room IDs on multiple calls","status":"passed","title":"should generate unique room IDs on multiple calls","duration":0.13591700000000628,"failureMessages":[],"meta":{}},{"ancestorTitles":["Room Entity","Room creation"],"fullName":"Room Entity Room creation should handle database insertion errors","status":"passed","title":"should handle database insertion errors","duration":1.5527920000000108,"failureMessages":[],"meta":{}},{"ancestorTitles":["Room Entity","Room creation"],"fullName":"Room Entity Room creation should create room with empty users object","status":"passed","title":"should create room with empty users object","duration":0.49374999999997726,"failureMessages":[],"meta":{}},{"ancestorTitles":["Room Entity","Room creation"],"fullName":"Room Entity Room creation should set creation timestamp","status":"passed","title":"should set creation timestamp","duration":0.12258300000002009,"failureMessages":[],"meta":{}},{"ancestorTitles":["Room Entity","Room retrieval"],"fullName":"Room Entity Room retrieval should retrieve existing room data","status":"passed","title":"should retrieve existing room data","duration":0.13516700000002402,"failureMessages":[],"meta":{}},{"ancestorTitles":["Room Entity","Room retrieval"],"fullName":"Room Entity Room retrieval should throw RoomNotFoundError when room does not exist","status":"passed","title":"should throw RoomNotFoundError when room does not exist","duration":0.1661659999999756,"failureMessages":[],"meta":{}},{"ancestorTitles":["Room Entity","Room retrieval"],"fullName":"Room Entity Room retrieval should handle database query errors","status":"passed","title":"should handle database query errors","duration":0.10679099999998698,"failureMessages":[],"meta":{}},{"ancestorTitles":["Room Entity","User joining"],"fullName":"Room Entity User joining should add new user to empty room","status":"passed","title":"should add new user to empty room","duration":0.22891700000002402,"failureMessages":[],"meta":{}},{"ancestorTitles":["Room Entity","User joining"],"fullName":"Room Entity User joining should add new user to room with existing users","status":"passed","title":"should add new user to room with existing users","duration":0.1560000000000059,"failureMessages":[],"meta":{}},{"ancestorTitles":["Room Entity","User joining"],"fullName":"Room Entity User joining should return existing room data when user already joined","status":"passed","title":"should return existing room data when user already joined","duration":0.14083299999998644,"failureMessages":[],"meta":{}},{"ancestorTitles":["Room Entity","User joining"],"fullName":"Room Entity User joining should handle room not found during join","status":"passed","title":"should handle room not found during join","duration":0.0837500000000091,"failureMessages":[],"meta":{}},{"ancestorTitles":["Room Entity","User joining"],"fullName":"Room Entity User joining should handle database update errors during join","status":"passed","title":"should handle database update errors during join","duration":0.10608299999995552,"failureMessages":[],"meta":{}},{"ancestorTitles":["Room Entity","User joining"],"fullName":"Room Entity User joining should handle undefined users field gracefully","status":"passed","title":"should handle undefined users field gracefully","duration":0.11304200000000719,"failureMessages":[],"meta":{}},{"ancestorTitles":["Room Entity","User updating"],"fullName":"Room Entity User updating should update user and return updated room","status":"passed","title":"should update user and return updated room","duration":0.10562499999997499,"failureMessages":[],"meta":{}},{"ancestorTitles":["Room Entity","User updating"],"fullName":"Room Entity User updating should throw RoomNotFoundError when room does not exist during update","status":"passed","title":"should throw RoomNotFoundError when room does not exist during update","duration":0.085125000000005,"failureMessages":[],"meta":{}},{"ancestorTitles":["Room Entity","User updating"],"fullName":"Room Entity User updating should handle database update errors","status":"passed","title":"should handle database update errors","duration":0.07474999999999454,"failureMessages":[],"meta":{}},{"ancestorTitles":["Room Entity","User updating"],"fullName":"Room Entity User updating should update user with different instruments","status":"passed","title":"should update user with different instruments","duration":0.21570900000000393,"failureMessages":[],"meta":{}},{"ancestorTitles":["Room Entity","User leaving"],"fullName":"Room Entity User leaving should remove user and return updated room","status":"passed","title":"should remove user and return updated room","duration":0.09245800000002191,"failureMessages":[],"meta":{}},{"ancestorTitles":["Room Entity","User leaving"],"fullName":"Room Entity User leaving should throw RoomNotFoundError when room does not exist during leave","status":"passed","title":"should throw RoomNotFoundError when room does not exist during leave","duration":0.08083399999998164,"failureMessages":[],"meta":{}},{"ancestorTitles":["Room Entity","User leaving"],"fullName":"Room Entity User leaving should handle database update errors during leave","status":"passed","title":"should handle database update errors during leave","duration":0.8127920000000017,"failureMessages":[],"meta":{}},{"ancestorTitles":["Room Entity","User leaving"],"fullName":"Room Entity User leaving should handle leaving when user was not in room","status":"passed","title":"should handle leaving when user was not in room","duration":0.11716599999999744,"failureMessages":[],"meta":{}},{"ancestorTitles":["Room Entity","Room ID generation"],"fullName":"Room Entity Room ID generation should generate 5-character room IDs","status":"passed","title":"should generate 5-character room IDs","duration":0.19437499999997954,"failureMessages":[],"meta":{}},{"ancestorTitles":["Room Entity","Constructor"],"fullName":"Room Entity Constructor should create room instance with provided ID","status":"passed","title":"should create room instance with provided ID","duration":0.037208000000021,"failureMessages":[],"meta":{}},{"ancestorTitles":["Room Entity","Constructor"],"fullName":"Room Entity Constructor should handle various room ID formats","status":"passed","title":"should handle various room ID formats","duration":0.05754100000001472,"failureMessages":[],"meta":{}}],"startTime":1751992339223,"endTime":1751992339232.0576,"status":"passed","message":"","name":"/Users/daniel/Projects/p2piano/service/src/entities/Room.test.ts"},{"assertionResults":[{"ancestorTitles":["SessionProvider","create"],"fullName":"SessionProvider create should create a session with all metadata","status":"passed","title":"should create a session with all metadata","duration":3.5557919999999967,"failureMessages":[],"meta":{}},{"ancestorTitles":["SessionProvider","create"],"fullName":"SessionProvider create should create a session without optional metadata","status":"passed","title":"should create a session without optional metadata","duration":0.16800000000000637,"failureMessages":[],"meta":{}},{"ancestorTitles":["SessionProvider","create"],"fullName":"SessionProvider create should set createdAt and lastActivity to the same time","status":"passed","title":"should set createdAt and lastActivity to the same time","duration":0.06433300000000486,"failureMessages":[],"meta":{}},{"ancestorTitles":["SessionProvider","create"],"fullName":"SessionProvider create should handle database insertion errors","status":"passed","title":"should handle database insertion errors","duration":0.6664580000000058,"failureMessages":[],"meta":{}},{"ancestorTitles":["SessionProvider","get"],"fullName":"SessionProvider get should retrieve and update session activity","status":"passed","title":"should retrieve and update session activity","duration":0.2121670000000222,"failureMessages":[],"meta":{}},{"ancestorTitles":["SessionProvider","get"],"fullName":"SessionProvider get should throw SessionNotFoundError when session does not exist","status":"passed","title":"should throw SessionNotFoundError when session does not exist","duration":0.1737500000000125,"failureMessages":[],"meta":{}},{"ancestorTitles":["SessionProvider","get"],"fullName":"SessionProvider get should handle database query errors","status":"passed","title":"should handle database query errors","duration":0.08058400000001598,"failureMessages":[],"meta":{}},{"ancestorTitles":["SessionProvider","get"],"fullName":"SessionProvider get should handle database update errors after successful find","status":"passed","title":"should handle database update errors after successful find","duration":0.09591700000001424,"failureMessages":[],"meta":{}},{"ancestorTitles":["SessionProvider","IP address validation"],"fullName":"SessionProvider IP address validation should allow IP mismatch in non-production mode","status":"passed","title":"should allow IP mismatch in non-production mode","duration":0.07712500000002365,"failureMessages":[],"meta":{}},{"ancestorTitles":["SessionProvider","IP address validation"],"fullName":"SessionProvider IP address validation should reject IP mismatch in production mode","status":"passed","title":"should reject IP mismatch in production mode","duration":0.10699999999999932,"failureMessages":[],"meta":{}},{"ancestorTitles":["SessionProvider","IP address validation"],"fullName":"SessionProvider IP address validation should allow matching IP addresses in production","status":"passed","title":"should allow matching IP addresses in production","duration":0.06258300000001782,"failureMessages":[],"meta":{}},{"ancestorTitles":["SessionProvider","IP address validation"],"fullName":"SessionProvider IP address validation should allow access when session has no stored IP address","status":"passed","title":"should allow access when session has no stored IP address","duration":0.06404100000000312,"failureMessages":[],"meta":{}}],"startTime":1751992339366,"endTime":1751992339371.107,"status":"passed","message":"","name":"/Users/daniel/Projects/p2piano/service/src/entities/Session.test.ts"},{"assertionResults":[{"ancestorTitles":["WsValidationPipe","exception creation"],"fullName":"WsValidationPipe exception creation should create WsException for validation errors","status":"passed","title":"should create WsException for validation errors","duration":73.77625,"failureMessages":[],"meta":{}},{"ancestorTitles":["WsValidationPipe","exception creation"],"fullName":"WsValidationPipe exception creation should create simplified WsException when detailed output is disabled","status":"passed","title":"should create simplified WsException when detailed output is disabled","duration":0.1558329999999728,"failureMessages":[],"meta":{}},{"ancestorTitles":["WsValidationPipe","exception creation"],"fullName":"WsValidationPipe exception creation should create WsException with empty errors for empty validation errors","status":"passed","title":"should create WsException with empty errors for empty validation errors","duration":0.08291600000001154,"failureMessages":[],"meta":{}},{"ancestorTitles":["WsValidationPipe","exception creation"],"fullName":"WsValidationPipe exception creation should handle validation errors without constraints","status":"passed","title":"should handle validation errors without constraints","duration":0.06899999999995998,"failureMessages":[],"meta":{}},{"ancestorTitles":["WsValidationPipe","exception creation"],"fullName":"WsValidationPipe exception creation should handle nested validation errors","status":"passed","title":"should handle nested validation errors","duration":0.10029199999996763,"failureMessages":[],"meta":{}},{"ancestorTitles":["WsValidationPipe","exception creation"],"fullName":"WsValidationPipe exception creation should handle deeply nested validation errors","status":"passed","title":"should handle deeply nested validation errors","duration":0.07529200000004721,"failureMessages":[],"meta":{}},{"ancestorTitles":["WsValidationPipe","exception creation"],"fullName":"WsValidationPipe exception creation should handle mixed direct and nested validation errors","status":"passed","title":"should handle mixed direct and nested validation errors","duration":0.07045800000003055,"failureMessages":[],"meta":{}},{"ancestorTitles":["WsValidationPipe","inheritance from ValidationPipe"],"fullName":"WsValidationPipe inheritance from ValidationPipe should extend ValidationPipe","status":"passed","title":"should extend ValidationPipe","duration":0.05166700000000901,"failureMessages":[],"meta":{}},{"ancestorTitles":["WsValidationPipe","inheritance from ValidationPipe"],"fullName":"WsValidationPipe inheritance from ValidationPipe should maintain ValidationPipe functionality","status":"passed","title":"should maintain ValidationPipe functionality","duration":7.812207999999998,"failureMessages":[],"meta":{}}],"startTime":1751992338725,"endTime":1751992338807.8123,"status":"passed","message":"","name":"/Users/daniel/Projects/p2piano/service/src/pipes/ws-validation.pipe.test.ts"},{"assertionResults":[{"ancestorTitles":["Security Regression Tests","Session Injection Attacks"],"fullName":"Security Regression Tests Session Injection Attacks should reject SQL injection attempts in session IDs","status":"passed","title":"should reject SQL injection attempts in session IDs","duration":5.881124999999997,"failureMessages":[],"meta":{}},{"ancestorTitles":["Security Regression Tests","Session Injection Attacks"],"fullName":"Security Regression Tests Session Injection Attacks should reject NoSQL injection attempts in session IDs","status":"passed","title":"should reject NoSQL injection attempts in session IDs","duration":0.9266669999999522,"failureMessages":[],"meta":{}},{"ancestorTitles":["Security Regression Tests","Session Injection Attacks"],"fullName":"Security Regression Tests Session Injection Attacks should handle extremely long session IDs without performance degradation","status":"passed","title":"should handle extremely long session IDs without performance degradation","duration":0.6585829999999078,"failureMessages":[],"meta":{}},{"ancestorTitles":["Security Regression Tests","Error Information Disclosure"],"fullName":"Security Regression Tests Error Information Disclosure should not leak sensitive information in error responses","status":"passed","title":"should not leak sensitive information in error responses","duration":0.6527500000000828,"failureMessages":[],"meta":{}},{"ancestorTitles":["Security Regression Tests","Error Information Disclosure"],"fullName":"Security Regression Tests Error Information Disclosure should handle malformed session data without information disclosure","status":"passed","title":"should handle malformed session data without information disclosure","duration":0.49491699999998673,"failureMessages":[],"meta":{}},{"ancestorTitles":["Security Regression Tests","Resource Exhaustion Protection"],"fullName":"Security Regression Tests Resource Exhaustion Protection should handle memory exhaustion attempts with large payloads","status":"passed","title":"should handle memory exhaustion attempts with large payloads","duration":0.4900000000000091,"failureMessages":[],"meta":{}}],"startTime":1751992339268,"endTime":1751992339277.49,"status":"passed","message":"","name":"/Users/daniel/Projects/p2piano/service/src/test/security-regression.test.ts"},{"assertionResults":[{"ancestorTitles":["Session Validation Flow (E2E)","HTTP Request Validation Flow"],"fullName":"Session Validation Flow (E2E) HTTP Request Validation Flow should validate complete HTTP request flow with valid session","status":"passed","title":"should validate complete HTTP request flow with valid session","duration":1.4444999999999482,"failureMessages":[],"meta":{}},{"ancestorTitles":["Session Validation Flow (E2E)","HTTP Request Validation Flow"],"fullName":"Session Validation Flow (E2E) HTTP Request Validation Flow should handle complete HTTP request flow with invalid session","status":"passed","title":"should handle complete HTTP request flow with invalid session","duration":0.10516600000005383,"failureMessages":[],"meta":{}},{"ancestorTitles":["Session Validation Flow (E2E)","HTTP Request Validation Flow"],"fullName":"Session Validation Flow (E2E) HTTP Request Validation Flow should handle session creation flow for auto-session scenarios","status":"passed","title":"should handle session creation flow for auto-session scenarios","duration":0.26070900000001984,"failureMessages":[],"meta":{}},{"ancestorTitles":["Session Validation Flow (E2E)","WebSocket Validation Flow"],"fullName":"Session Validation Flow (E2E) WebSocket Validation Flow should validate complete WebSocket flow with valid session","status":"passed","title":"should validate complete WebSocket flow with valid session","duration":0.3369999999999891,"failureMessages":[],"meta":{}},{"ancestorTitles":["Session Validation Flow (E2E)","WebSocket Validation Flow"],"fullName":"Session Validation Flow (E2E) WebSocket Validation Flow should handle WebSocket raw request validation for allowRequest","status":"passed","title":"should handle WebSocket raw request validation for allowRequest","duration":0.1544170000000804,"failureMessages":[],"meta":{}},{"ancestorTitles":["Session Validation Flow (E2E)","Cross-Platform Session Consistency"],"fullName":"Session Validation Flow (E2E) Cross-Platform Session Consistency should validate same session across HTTP and WebSocket","status":"passed","title":"should validate same session across HTTP and WebSocket","duration":0.5457499999999982,"failureMessages":[],"meta":{}},{"ancestorTitles":["Session Validation Flow (E2E)","Cross-Platform Session Consistency"],"fullName":"Session Validation Flow (E2E) Cross-Platform Session Consistency should handle session validation failure consistently","status":"passed","title":"should handle session validation failure consistently","duration":0.1598749999999427,"failureMessages":[],"meta":{}},{"ancestorTitles":["Session Validation Flow (E2E)","Session Validation Consistency"],"fullName":"Session Validation Flow (E2E) Session Validation Consistency should validate sessions consistently across different contexts","status":"passed","title":"should validate sessions consistently across different contexts","duration":0.15450000000009823,"failureMessages":[],"meta":{}},{"ancestorTitles":["Session Validation Flow (E2E)","Error Handling and Recovery"],"fullName":"Session Validation Flow (E2E) Error Handling and Recovery should handle SessionProvider errors gracefully across all contexts","status":"passed","title":"should handle SessionProvider errors gracefully across all contexts","duration":0.2510419999998703,"failureMessages":[],"meta":{}},{"ancestorTitles":["Session Validation Flow (E2E)","Error Handling and Recovery"],"fullName":"Session Validation Flow (E2E) Error Handling and Recovery should handle malformed requests gracefully","status":"passed","title":"should handle malformed requests gracefully","duration":0.04774999999995089,"failureMessages":[],"meta":{}},{"ancestorTitles":["Session Validation Flow (E2E)","Performance and Resource Management"],"fullName":"Session Validation Flow (E2E) Performance and Resource Management should not leak memory with repeated session validations","status":"passed","title":"should not leak memory with repeated session validations","duration":0.21820800000000418,"failureMessages":[],"meta":{}},{"ancestorTitles":["Session Validation Flow (E2E)","Performance and Resource Management"],"fullName":"Session Validation Flow (E2E) Performance and Resource Management should handle concurrent session validations correctly","status":"passed","title":"should handle concurrent session validations correctly","duration":0.19624999999996362,"failureMessages":[],"meta":{}}],"startTime":1751992339328,"endTime":1751992339332.251,"status":"passed","message":"","name":"/Users/daniel/Projects/p2piano/service/src/test/session-validation-flow.e2e.test.ts"},{"assertionResults":[{"ancestorTitles":["SessionValidatorService","validateRequest"],"fullName":"SessionValidatorService validateRequest should return session when request has valid authorization header","status":"passed","title":"should return session when request has valid authorization header","duration":5.327374999999961,"failureMessages":[],"meta":{}},{"ancestorTitles":["SessionValidatorService","validateRequest"],"fullName":"SessionValidatorService validateRequest should return session when request has valid session cookie","status":"passed","title":"should return session when request has valid session cookie","duration":0.6224160000000438,"failureMessages":[],"meta":{}},{"ancestorTitles":["SessionValidatorService","validateRequest"],"fullName":"SessionValidatorService validateRequest should return null when no session ID found","status":"passed","title":"should return null when no session ID found","duration":0.5362499999999955,"failureMessages":[],"meta":{}},{"ancestorTitles":["SessionValidatorService","validateRequest"],"fullName":"SessionValidatorService validateRequest should return null when session validation fails","status":"passed","title":"should return null when session validation fails","duration":1.1787499999999227,"failureMessages":[],"meta":{}},{"ancestorTitles":["SessionValidatorService","validateRequest"],"fullName":"SessionValidatorService validateRequest should return null when session provider returns null","status":"passed","title":"should return null when session provider returns null","duration":1.116333999999938,"failureMessages":[],"meta":{}},{"ancestorTitles":["SessionValidatorService","validateSocket"],"fullName":"SessionValidatorService validateSocket should return session when socket has valid session in auth","status":"passed","title":"should return session when socket has valid session in auth","duration":0.8296669999999722,"failureMessages":[],"meta":{}},{"ancestorTitles":["SessionValidatorService","validateSocket"],"fullName":"SessionValidatorService validateSocket should return session when socket has valid session in headers","status":"passed","title":"should return session when socket has valid session in headers","duration":0.5085000000000264,"failureMessages":[],"meta":{}},{"ancestorTitles":["SessionValidatorService","validateSocket"],"fullName":"SessionValidatorService validateSocket should return null when no session ID found in socket","status":"passed","title":"should return null when no session ID found in socket","duration":0.43879100000003746,"failureMessages":[],"meta":{}},{"ancestorTitles":["SessionValidatorService","validateSocket"],"fullName":"SessionValidatorService validateSocket should return null when socket session validation fails","status":"passed","title":"should return null when socket session validation fails","duration":0.4777910000000247,"failureMessages":[],"meta":{}},{"ancestorTitles":["SessionValidatorService","validateRawRequest"],"fullName":"SessionValidatorService validateRawRequest should return session when raw request has valid session in URL","status":"passed","title":"should return session when raw request has valid session in URL","duration":0.5229590000000144,"failureMessages":[],"meta":{}},{"ancestorTitles":["SessionValidatorService","validateRawRequest"],"fullName":"SessionValidatorService validateRawRequest should return session when raw request has valid session in headers","status":"passed","title":"should return session when raw request has valid session in headers","duration":1.361167000000023,"failureMessages":[],"meta":{}},{"ancestorTitles":["SessionValidatorService","validateRawRequest"],"fullName":"SessionValidatorService validateRawRequest should return null when raw request has no session ID","status":"passed","title":"should return null when raw request has no session ID","duration":0.608208999999988,"failureMessages":[],"meta":{}},{"ancestorTitles":["SessionValidatorService","validateAndAttachToRequest"],"fullName":"SessionValidatorService validateAndAttachToRequest should attach session to request when validation succeeds","status":"passed","title":"should attach session to request when validation succeeds","duration":0.491916999999944,"failureMessages":[],"meta":{}},{"ancestorTitles":["SessionValidatorService","validateAndAttachToRequest"],"fullName":"SessionValidatorService validateAndAttachToRequest should not attach session when validation fails","status":"passed","title":"should not attach session when validation fails","duration":0.4262499999999818,"failureMessages":[],"meta":{}},{"ancestorTitles":["SessionValidatorService","validateAndAttachToSocket"],"fullName":"SessionValidatorService validateAndAttachToSocket should attach session to socket when validation succeeds","status":"passed","title":"should attach session to socket when validation succeeds","duration":0.4389579999999569,"failureMessages":[],"meta":{}},{"ancestorTitles":["SessionValidatorService","validateAndAttachToSocket"],"fullName":"SessionValidatorService validateAndAttachToSocket should not attach session when validation fails","status":"passed","title":"should not attach session when validation fails","duration":0.41554199999995944,"failureMessages":[],"meta":{}},{"ancestorTitles":["SessionValidatorService","getOrCreateSession"],"fullName":"SessionValidatorService getOrCreateSession should return existing session when valid","status":"passed","title":"should return existing session when valid","duration":0.45524999999997817,"failureMessages":[],"meta":{}},{"ancestorTitles":["SessionValidatorService","getOrCreateSession"],"fullName":"SessionValidatorService getOrCreateSession should create new session when no existing session","status":"passed","title":"should create new session when no existing session","duration":0.5427079999999478,"failureMessages":[],"meta":{}}],"startTime":1751992339068,"endTime":1751992339084.5427,"status":"passed","message":"","name":"/Users/daniel/Projects/p2piano/service/src/services/session-validator.service.test.ts"},{"assertionResults":[{"ancestorTitles":["ColorUtils","getNextColor"],"fullName":"ColorUtils getNextColor should return middle color when all colors are available","status":"passed","title":"should return middle color when all colors are available","duration":1.8655410000000074,"failureMessages":[],"meta":{}},{"ancestorTitles":["ColorUtils","getNextColor"],"fullName":"ColorUtils getNextColor should return middle color from remaining colors when some are used","status":"passed","title":"should return middle color from remaining colors when some are used","duration":0.06983300000001691,"failureMessages":[],"meta":{}},{"ancestorTitles":["ColorUtils","getNextColor"],"fullName":"ColorUtils getNextColor should return random color when all colors are used","status":"passed","title":"should return random color when all colors are used","duration":0.22033299999998235,"failureMessages":[],"meta":{}},{"ancestorTitles":["ColorUtils","getNextColor"],"fullName":"ColorUtils getNextColor should handle empty used colors array","status":"passed","title":"should handle empty used colors array","duration":0.05320799999998371,"failureMessages":[],"meta":{}}],"startTime":1751992339588,"endTime":1751992339590.2202,"status":"passed","message":"","name":"/Users/daniel/Projects/p2piano/service/src/utils/ColorUtils.spec.ts"},{"assertionResults":[{"ancestorTitles":["TimeUtils","getTtlInHoursFromNow"],"fullName":"TimeUtils getTtlInHoursFromNow should return correct timestamp for 1 hour from now","status":"passed","title":"should return correct timestamp for 1 hour from now","duration":1.1038340000000062,"failureMessages":[],"meta":{}},{"ancestorTitles":["TimeUtils","getTtlInHoursFromNow"],"fullName":"TimeUtils getTtlInHoursFromNow should return correct timestamp for 24 hours from now","status":"passed","title":"should return correct timestamp for 24 hours from now","duration":0.1198750000000075,"failureMessages":[],"meta":{}},{"ancestorTitles":["TimeUtils","getTtlInHoursFromNow"],"fullName":"TimeUtils getTtlInHoursFromNow should handle zero hours","status":"passed","title":"should handle zero hours","duration":0.065166999999974,"failureMessages":[],"meta":{}}],"startTime":1751992339569,"endTime":1751992339570.1199,"status":"passed","message":"","name":"/Users/daniel/Projects/p2piano/service/src/utils/TimeUtils.spec.ts"},{"assertionResults":[{"ancestorTitles":["SessionRegistry","registerSession"],"fullName":"SessionRegistry registerSession should register a session with socket in Redis","status":"passed","title":"should register a session with socket in Redis","duration":2.131916000000018,"failureMessages":[],"meta":{}},{"ancestorTitles":["SessionRegistry","getSocketMetadata"],"fullName":"SessionRegistry getSocketMetadata should return socket info for existing session","status":"passed","title":"should return socket info for existing session","duration":0.25320899999999824,"failureMessages":[],"meta":{}},{"ancestorTitles":["SessionRegistry","getSocketMetadata"],"fullName":"SessionRegistry getSocketMetadata should return null for non-existent session","status":"passed","title":"should return null for non-existent session","duration":0.06583299999999781,"failureMessages":[],"meta":{}},{"ancestorTitles":["SessionRegistry","destroySession"],"fullName":"SessionRegistry destroySession should remove session from Redis","status":"passed","title":"should remove session from Redis","duration":0.061332999999990534,"failureMessages":[],"meta":{}},{"ancestorTitles":["SessionRegistry","isLocalSession"],"fullName":"SessionRegistry isLocalSession should return true for sessions on current server","status":"passed","title":"should return true for sessions on current server","duration":0.09899999999998954,"failureMessages":[],"meta":{}},{"ancestorTitles":["SessionRegistry","isLocalSession"],"fullName":"SessionRegistry isLocalSession should return false for sessions on different server","status":"passed","title":"should return false for sessions on different server","duration":0.043290999999982205,"failureMessages":[],"meta":{}}],"startTime":1751992339571,"endTime":1751992339574.099,"status":"passed","message":"","name":"/Users/daniel/Projects/p2piano/service/src/websockets/SessionRegistry.spec.ts"},{"assertionResults":[{"ancestorTitles":["websockets/utils","getWebSocketGatewayOptions"],"fullName":"websockets/utils getWebSocketGatewayOptions should return cors false when in production","status":"passed","title":"should return cors false when in production","duration":1.4641249999999957,"failureMessages":[],"meta":{}},{"ancestorTitles":["websockets/utils","getWebSocketGatewayOptions"],"fullName":"websockets/utils getWebSocketGatewayOptions should return cors config when not in production","status":"passed","title":"should return cors config when not in production","duration":0.37675000000001546,"failureMessages":[],"meta":{}},{"ancestorTitles":["websockets/utils","getSocketSessionId"],"fullName":"websockets/utils getSocketSessionId should return session id when session exists","status":"passed","title":"should return session id when session exists","duration":0.0721250000000282,"failureMessages":[],"meta":{}},{"ancestorTitles":["websockets/utils","getSocketSessionId"],"fullName":"websockets/utils getSocketSessionId should return null when session does not exist","status":"passed","title":"should return null when session does not exist","duration":0.05045800000004874,"failureMessages":[],"meta":{}},{"ancestorTitles":["websockets/utils","getSocketRoomId"],"fullName":"websockets/utils getSocketRoomId should return room id from handshake query","status":"passed","title":"should return room id from handshake query","duration":0.05633299999999508,"failureMessages":[],"meta":{}},{"ancestorTitles":["websockets/utils","getSocketDisplayName"],"fullName":"websockets/utils getSocketDisplayName should return display name from handshake query","status":"passed","title":"should return display name from handshake query","duration":0.04624999999998636,"failureMessages":[],"meta":{}},{"ancestorTitles":["websockets/utils","getSocketMetadata"],"fullName":"websockets/utils getSocketMetadata should return combined metadata","status":"passed","title":"should return combined metadata","duration":0.067875000000015,"failureMessages":[],"meta":{}},{"ancestorTitles":["websockets/utils","broadcast"],"fullName":"websockets/utils broadcast should broadcast to room with decorated payload","status":"passed","title":"should broadcast to room with decorated payload","duration":0.6965410000000247,"failureMessages":[],"meta":{}},{"ancestorTitles":["websockets/utils","broadcastToSubset"],"fullName":"websockets/utils broadcastToSubset should broadcast to local user sockets","status":"passed","title":"should broadcast to local user sockets","duration":0.4800000000000182,"failureMessages":[],"meta":{}},{"ancestorTitles":["websockets/utils","broadcastToSubset"],"fullName":"websockets/utils broadcastToSubset should broadcast to remote user sockets","status":"passed","title":"should broadcast to remote user sockets","duration":0.8632920000000013,"failureMessages":[],"meta":{}},{"ancestorTitles":["websockets/utils","broadcastToSubset"],"fullName":"websockets/utils broadcastToSubset should handle missing target sockets gracefully","status":"passed","title":"should handle missing target sockets gracefully","duration":0.9287909999999897,"failureMessages":[],"meta":{}}],"startTime":1751992338566,"endTime":1751992338570.9287,"status":"passed","message":"","name":"/Users/daniel/Projects/p2piano/service/src/websockets/utils.spec.ts"},{"assertionResults":[{"ancestorTitles":["NoteOnDto","valid note on messages"],"fullName":"NoteOnDto valid note on messages should pass validation for valid MIDI note","status":"passed","title":"should pass validation for valid MIDI note","duration":2.488540999999998,"failureMessages":[],"meta":{}},{"ancestorTitles":["NoteOnDto","valid note on messages"],"fullName":"NoteOnDto valid note on messages should pass validation for minimum MIDI values","status":"passed","title":"should pass validation for minimum MIDI values","duration":0.19625000000002046,"failureMessages":[],"meta":{}},{"ancestorTitles":["NoteOnDto","valid note on messages"],"fullName":"NoteOnDto valid note on messages should pass validation for maximum MIDI values","status":"passed","title":"should pass validation for maximum MIDI values","duration":0.0941670000000272,"failureMessages":[],"meta":{}},{"ancestorTitles":["NoteOnDto","valid note on messages"],"fullName":"NoteOnDto valid note on messages should pass validation for multiple target users","status":"passed","title":"should pass validation for multiple target users","duration":0.08349999999995816,"failureMessages":[],"meta":{}},{"ancestorTitles":["NoteOnDto","valid note on messages"],"fullName":"NoteOnDto valid note on messages should pass validation with maximum allowed target users","status":"passed","title":"should pass validation with maximum allowed target users","duration":0.271082999999976,"failureMessages":[],"meta":{}},{"ancestorTitles":["NoteOnDto","invalid note on messages","note validation"],"fullName":"NoteOnDto invalid note on messages note validation should fail validation for note below MIDI range","status":"passed","title":"should fail validation for note below MIDI range","duration":0.2825409999999806,"failureMessages":[],"meta":{}},{"ancestorTitles":["NoteOnDto","invalid note on messages","note validation"],"fullName":"NoteOnDto invalid note on messages note validation should fail validation for note above MIDI range","status":"passed","title":"should fail validation for note above MIDI range","duration":0.11891700000001038,"failureMessages":[],"meta":{}},{"ancestorTitles":["NoteOnDto","invalid note on messages","note validation"],"fullName":"NoteOnDto invalid note on messages note validation should fail validation for non-number note","status":"passed","title":"should fail validation for non-number note","duration":0.10149999999998727,"failureMessages":[],"meta":{}},{"ancestorTitles":["NoteOnDto","invalid note on messages","velocity validation"],"fullName":"NoteOnDto invalid note on messages velocity validation should fail validation for negative velocity","status":"passed","title":"should fail validation for negative velocity","duration":0.08899999999999864,"failureMessages":[],"meta":{}},{"ancestorTitles":["NoteOnDto","invalid note on messages","velocity validation"],"fullName":"NoteOnDto invalid note on messages velocity validation should fail validation for velocity above MIDI range","status":"passed","title":"should fail validation for velocity above MIDI range","duration":0.102958000000001,"failureMessages":[],"meta":{}},{"ancestorTitles":["NoteOnDto","invalid note on messages","velocity validation"],"fullName":"NoteOnDto invalid note on messages velocity validation should fail validation for non-number velocity","status":"passed","title":"should fail validation for non-number velocity","duration":0.08808399999998073,"failureMessages":[],"meta":{}},{"ancestorTitles":["NoteOnDto","invalid note on messages","targetUserIds validation"],"fullName":"NoteOnDto invalid note on messages targetUserIds validation should fail validation for non-array targetUserIds","status":"passed","title":"should fail validation for non-array targetUserIds","duration":0.09733399999998937,"failureMessages":[],"meta":{}},{"ancestorTitles":["NoteOnDto","invalid note on messages","targetUserIds validation"],"fullName":"NoteOnDto invalid note on messages targetUserIds validation should fail validation for invalid UUID in array","status":"passed","title":"should fail validation for invalid UUID in array","duration":0.12708299999997053,"failureMessages":[],"meta":{}},{"ancestorTitles":["NoteOnDto","invalid note on messages","targetUserIds validation"],"fullName":"NoteOnDto invalid note on messages targetUserIds validation should fail validation for too many target users","status":"passed","title":"should fail validation for too many target users","duration":0.11404199999998355,"failureMessages":[],"meta":{}},{"ancestorTitles":["NoteOnDto","invalid note on messages","targetUserIds validation"],"fullName":"NoteOnDto invalid note on messages targetUserIds validation should fail validation for mixed valid and invalid UUIDs","status":"passed","title":"should fail validation for mixed valid and invalid UUIDs","duration":0.07141599999999926,"failureMessages":[],"meta":{}},{"ancestorTitles":["NoteOffDto","valid note off messages"],"fullName":"NoteOffDto valid note off messages should pass validation for valid MIDI note","status":"passed","title":"should pass validation for valid MIDI note","duration":0.17108399999995072,"failureMessages":[],"meta":{}},{"ancestorTitles":["NoteOffDto","valid note off messages"],"fullName":"NoteOffDto valid note off messages should pass validation for minimum MIDI note","status":"passed","title":"should pass validation for minimum MIDI note","duration":0.07270799999997735,"failureMessages":[],"meta":{}},{"ancestorTitles":["NoteOffDto","valid note off messages"],"fullName":"NoteOffDto valid note off messages should pass validation for maximum MIDI note","status":"passed","title":"should pass validation for maximum MIDI note","duration":0.07720799999998462,"failureMessages":[],"meta":{}},{"ancestorTitles":["NoteOffDto","invalid note off messages"],"fullName":"NoteOffDto invalid note off messages should fail validation for note below MIDI range","status":"passed","title":"should fail validation for note below MIDI range","duration":0.08462499999995998,"failureMessages":[],"meta":{}},{"ancestorTitles":["NoteOffDto","invalid note off messages"],"fullName":"NoteOffDto invalid note off messages should fail validation for note above MIDI range","status":"passed","title":"should fail validation for note above MIDI range","duration":0.10158300000000509,"failureMessages":[],"meta":{}},{"ancestorTitles":["NoteOffDto","invalid note off messages"],"fullName":"NoteOffDto invalid note off messages should fail validation for invalid targetUserIds","status":"passed","title":"should fail validation for invalid targetUserIds","duration":0.08104100000002745,"failureMessages":[],"meta":{}}],"startTime":1751992339406,"endTime":1751992339411.1016,"status":"passed","message":"","name":"/Users/daniel/Projects/p2piano/service/src/dto/ws/note.dto.test.ts"},{"assertionResults":[{"ancestorTitles":["SignalPayloadDto","valid signal payloads"],"fullName":"SignalPayloadDto valid signal payloads should pass validation for valid offer signal","status":"passed","title":"should pass validation for valid offer signal","duration":2.5350839999999835,"failureMessages":[],"meta":{}},{"ancestorTitles":["SignalPayloadDto","valid signal payloads"],"fullName":"SignalPayloadDto valid signal payloads should pass validation for valid answer signal","status":"passed","title":"should pass validation for valid answer signal","duration":0.20666699999998173,"failureMessages":[],"meta":{}},{"ancestorTitles":["SignalPayloadDto","valid signal payloads"],"fullName":"SignalPayloadDto valid signal payloads should pass validation for pranswer signal","status":"passed","title":"should pass validation for pranswer signal","duration":0.12295800000003965,"failureMessages":[],"meta":{}},{"ancestorTitles":["SignalPayloadDto","valid signal payloads"],"fullName":"SignalPayloadDto valid signal payloads should pass validation for rollback signal","status":"passed","title":"should pass validation for rollback signal","duration":0.1073329999999828,"failureMessages":[],"meta":{}},{"ancestorTitles":["SignalPayloadDto","valid signal payloads"],"fullName":"SignalPayloadDto valid signal payloads should pass validation for large but reasonable SDP","status":"passed","title":"should pass validation for large but reasonable SDP","duration":0.1179580000000442,"failureMessages":[],"meta":{}},{"ancestorTitles":["SignalPayloadDto","invalid signal payloads","userId validation"],"fullName":"SignalPayloadDto invalid signal payloads userId validation should fail validation for invalid UUID","status":"passed","title":"should fail validation for invalid UUID","duration":0.2988330000000019,"failureMessages":[],"meta":{}},{"ancestorTitles":["SignalPayloadDto","invalid signal payloads","userId validation"],"fullName":"SignalPayloadDto invalid signal payloads userId validation should fail validation for missing userId","status":"passed","title":"should fail validation for missing userId","duration":0.1307920000000422,"failureMessages":[],"meta":{}},{"ancestorTitles":["SignalPayloadDto","invalid signal payloads","signalData validation"],"fullName":"SignalPayloadDto invalid signal payloads signalData validation should fail validation for invalid signal type","status":"passed","title":"should fail validation for invalid signal type","duration":0.14116699999999582,"failureMessages":[],"meta":{}},{"ancestorTitles":["SignalPayloadDto","invalid signal payloads","signalData validation"],"fullName":"SignalPayloadDto invalid signal payloads signalData validation should fail validation for SDP too large","status":"passed","title":"should fail validation for SDP too large","duration":0.12512500000002547,"failureMessages":[],"meta":{}},{"ancestorTitles":["SignalPayloadDto","invalid signal payloads","signalData validation"],"fullName":"SignalPayloadDto invalid signal payloads signalData validation should fail validation for non-string SDP","status":"passed","title":"should fail validation for non-string SDP","duration":0.10500000000001819,"failureMessages":[],"meta":{}},{"ancestorTitles":["SignalPayloadDto","invalid signal payloads","signalData validation"],"fullName":"SignalPayloadDto invalid signal payloads signalData validation should fail validation for non-string type","status":"passed","title":"should fail validation for non-string type","duration":0.096416999999974,"failureMessages":[],"meta":{}},{"ancestorTitles":["SignalPayloadDto","invalid signal payloads","signalData validation"],"fullName":"SignalPayloadDto invalid signal payloads signalData validation should fail validation for non-object signalData","status":"passed","title":"should fail validation for non-object signalData","duration":0.08620799999999917,"failureMessages":[],"meta":{}}],"startTime":1751992339564,"endTime":1751992339568.141,"status":"passed","message":"","name":"/Users/daniel/Projects/p2piano/service/src/dto/ws/signal.dto.test.ts"},{"assertionResults":[{"ancestorTitles":["UserUpdateDto","valid user updates"],"fullName":"UserUpdateDto valid user updates should pass validation for valid user update","status":"passed","title":"should pass validation for valid user update","duration":1.8691670000000045,"failureMessages":[],"meta":{}},{"ancestorTitles":["UserUpdateDto","valid user updates"],"fullName":"UserUpdateDto valid user updates should pass validation for minimum length display name","status":"passed","title":"should pass validation for minimum length display name","duration":0.17775000000000318,"failureMessages":[],"meta":{}},{"ancestorTitles":["UserUpdateDto","valid user updates"],"fullName":"UserUpdateDto valid user updates should pass validation for maximum length display name","status":"passed","title":"should pass validation for maximum length display name","duration":0.10541699999998855,"failureMessages":[],"meta":{}},{"ancestorTitles":["UserUpdateDto","valid user updates"],"fullName":"UserUpdateDto valid user updates should pass validation for short hex color code","status":"passed","title":"should pass validation for short hex color code","duration":0.0887920000000122,"failureMessages":[],"meta":{}},{"ancestorTitles":["UserUpdateDto","valid user updates"],"fullName":"UserUpdateDto valid user updates should pass validation for SYNTH instrument","status":"passed","title":"should pass validation for SYNTH instrument","duration":0.08799999999999386,"failureMessages":[],"meta":{}},{"ancestorTitles":["UserUpdateDto","valid user updates"],"fullName":"UserUpdateDto valid user updates should pass validation for ELECTRIC_BASS instrument","status":"passed","title":"should pass validation for ELECTRIC_BASS instrument","duration":0.08912499999999568,"failureMessages":[],"meta":{}},{"ancestorTitles":["UserUpdateDto","invalid user updates","userId validation"],"fullName":"UserUpdateDto invalid user updates userId validation should fail validation for invalid UUID format","status":"passed","title":"should fail validation for invalid UUID format","duration":0.22658400000000256,"failureMessages":[],"meta":{}},{"ancestorTitles":["UserUpdateDto","invalid user updates","userId validation"],"fullName":"UserUpdateDto invalid user updates userId validation should fail validation for missing userId","status":"passed","title":"should fail validation for missing userId","duration":0.10845799999998462,"failureMessages":[],"meta":{}},{"ancestorTitles":["UserUpdateDto","invalid user updates","displayName validation"],"fullName":"UserUpdateDto invalid user updates displayName validation should fail validation for empty display name","status":"passed","title":"should fail validation for empty display name","duration":0.12329199999999219,"failureMessages":[],"meta":{}},{"ancestorTitles":["UserUpdateDto","invalid user updates","displayName validation"],"fullName":"UserUpdateDto invalid user updates displayName validation should fail validation for display name too long","status":"passed","title":"should fail validation for display name too long","duration":0.1092090000000212,"failureMessages":[],"meta":{}},{"ancestorTitles":["UserUpdateDto","invalid user updates","displayName validation"],"fullName":"UserUpdateDto invalid user updates displayName validation should fail validation for non-string display name","status":"passed","title":"should fail validation for non-string display name","duration":0.11104100000000017,"failureMessages":[],"meta":{}},{"ancestorTitles":["UserUpdateDto","invalid user updates","color validation"],"fullName":"UserUpdateDto invalid user updates color validation should fail validation for invalid hex color format","status":"passed","title":"should fail validation for invalid hex color format","duration":0.10566700000001106,"failureMessages":[],"meta":{}},{"ancestorTitles":["UserUpdateDto","invalid user updates","color validation"],"fullName":"UserUpdateDto invalid user updates color validation should fail validation for color without hash prefix","status":"passed","title":"should fail validation for color without hash prefix","duration":0.09841699999998355,"failureMessages":[],"meta":{}},{"ancestorTitles":["UserUpdateDto","invalid user updates","color validation"],"fullName":"UserUpdateDto invalid user updates color validation should fail validation for color with invalid length","status":"passed","title":"should fail validation for color with invalid length","duration":0.09304199999999696,"failureMessages":[],"meta":{}},{"ancestorTitles":["UserUpdateDto","invalid user updates","instrument validation"],"fullName":"UserUpdateDto invalid user updates instrument validation should fail validation for invalid instrument","status":"passed","title":"should fail validation for invalid instrument","duration":0.11025000000000773,"failureMessages":[],"meta":{}},{"ancestorTitles":["UserUpdateDto","invalid user updates","instrument validation"],"fullName":"UserUpdateDto invalid user updates instrument validation should fail validation for non-string instrument","status":"passed","title":"should fail validation for non-string instrument","duration":0.09950000000000614,"failureMessages":[],"meta":{}}],"startTime":1751992339400,"endTime":1751992339404.1104,"status":"passed","message":"","name":"/Users/daniel/Projects/p2piano/service/src/dto/ws/user-update.dto.test.ts"},{"assertionResults":[{"ancestorTitles":["Notes WebSocket Gateway","Key down events"],"fullName":"Notes WebSocket Gateway Key down events should handle key down events and broadcast to target users","status":"passed","title":"should handle key down events and broadcast to target users","duration":1.7576249999999618,"failureMessages":[],"meta":{}},{"ancestorTitles":["Notes WebSocket Gateway","Key down events"],"fullName":"Notes WebSocket Gateway Key down events should handle key down with minimum velocity","status":"passed","title":"should handle key down with minimum velocity","duration":0.15833400000002484,"failureMessages":[],"meta":{}},{"ancestorTitles":["Notes WebSocket Gateway","Key down events"],"fullName":"Notes WebSocket Gateway Key down events should handle key down with maximum velocity","status":"passed","title":"should handle key down with maximum velocity","duration":0.11374999999998181,"failureMessages":[],"meta":{}},{"ancestorTitles":["Notes WebSocket Gateway","Key down events"],"fullName":"Notes WebSocket Gateway Key down events should handle key down with empty target user list","status":"passed","title":"should handle key down with empty target user list","duration":0.11945800000000872,"failureMessages":[],"meta":{}},{"ancestorTitles":["Notes WebSocket Gateway","Key down events"],"fullName":"Notes WebSocket Gateway Key down events should handle key down with multiple target users","status":"passed","title":"should handle key down with multiple target users","duration":0.11116599999996879,"failureMessages":[],"meta":{}},{"ancestorTitles":["Notes WebSocket Gateway","Key down events"],"fullName":"Notes WebSocket Gateway Key down events should handle key down with single target user","status":"passed","title":"should handle key down with single target user","duration":0.087333000000001,"failureMessages":[],"meta":{}},{"ancestorTitles":["Notes WebSocket Gateway","Key up events"],"fullName":"Notes WebSocket Gateway Key up events should handle key up events and broadcast to target users","status":"passed","title":"should handle key up events and broadcast to target users","duration":0.10900000000003729,"failureMessages":[],"meta":{}},{"ancestorTitles":["Notes WebSocket Gateway","Key up events"],"fullName":"Notes WebSocket Gateway Key up events should handle key up with minimum note value","status":"passed","title":"should handle key up with minimum note value","duration":0.08654200000000856,"failureMessages":[],"meta":{}},{"ancestorTitles":["Notes WebSocket Gateway","Key up events"],"fullName":"Notes WebSocket Gateway Key up events should handle ke
[...]
5":{"start":{"line":26,"column":0},"end":{"line":26,"column":4}},"26":{"start":{"line":27,"column":0},"end":{"line":27,"column":49}},"27":{"start":{"line":28,"column":0},"end":{"line":28,"column":14}},"28":{"start":{"line":29,"column":0},"end":{"line":29,"column":15}},"29":{"start":{"line":30,"column":0},"end":{"line":30,"column":4}},"30":{"start":{"line":31,"column":0},"end":{"line":31,"column":2}},"31":{"start":{"line":32,"column":0},"end":{"line":32,"column":26}}},"s":{"0":0,"1":0,"2":0,"3":0,"4":0,"5":0,"6":0,"9":0,"10":0,"11":0,"12":0,"13":0,"14":0,"15":0,"16":0,"17":0,"18":0,"19":0,"20":0,"21":0,"22":0,"23":0,"24":0,"25":0,"26":0,"27":0,"28":0,"29":0,"30":0,"31":0},"branchMap":{"0":{"type":"branch","line":1,"loc":{"start":{"line":1,"column":910},"end":{"line":32,"column":26}},"locations":[{"start":{"line":1,"column":910},"end":{"line":32,"column":26}}]}},"b":{"0":[0]},"fnMap":{"0":{"name":"(empty-report)","decl":{"start":{"line":1,"column":910},"end":{"line":32,"column":26}},"loc":{"start":{"line":1,"column":910},"end":{"line":32,"column":26}},"line":1}},"f":{"0":0}},"/Users/daniel/Projects/p2piano/service/src/guards/base-ws-throttler.guard.ts":{"path":"/Users/daniel/Projects/p2piano/service/src/guards/base-ws-throttler.guard.ts","all":true,"statementMap":{"0":{"start":{"line":1,"column":0},"end":{"line":1,"column":44}},"1":{"start":{"line":2,"column":0},"end":{"line":2,"column":51}},"6":{"start":{"line":7,"column":0},"end":{"line":7,"column":13}},"7":{"start":{"line":8,"column":0},"end":{"line":8,"column":67}},"10":{"start":{"line":11,"column":0},"end":{"line":11,"column":74}},"11":{"start":{"line":12,"column":0},"end":{"line":12,"column":52}},"12":{"start":{"line":13,"column":0},"end":{"line":13,"column":44}},"13":{"start":{"line":14,"column":0},"end":{"line":14,"column":3}},"15":{"start":{"line":16,"column":0},"end":{"line":16,"column":43}},"16":{"start":{"line":17,"column":0},"end":{"line":17,"column":30}},"17":{"start":{"line":18,"column":0},"end":{"line":18,"column":20}},"18":{"start":{"line":19,"column":0},"end":{"line":19,"column":52}},"19":{"start":{"line":20,"column":0},"end":{"line":20,"column":48}},"20":{"start":{"line":21,"column":0},"end":{"line":21,"column":54}},"22":{"start":{"line":23,"column":0},"end":{"line":23,"column":21}},"23":{"start":{"line":24,"column":0},"end":{"line":24,"column":79}},"24":{"start":{"line":25,"column":0},"end":{"line":25,"column":6}},"26":{"start":{"line":27,"column":0},"end":{"line":27,"column":63}},"27":{"start":{"line":28,"column":0},"end":{"line":28,"column":29}},"28":{"start":{"line":29,"column":0},"end":{"line":29,"column":3}},"30":{"start":{"line":31,"column":0},"end":{"line":31,"column":57}},"31":{"start":{"line":32,"column":0},"end":{"line":32,"column":63}},"32":{"start":{"line":33,"column":0},"end":{"line":33,"column":3}},"34":{"start":{"line":35,"column":0},"end":{"line":35,"column":59}},"35":{"start":{"line":36,"column":0},"end":{"line":36,"column":12}},"36":{"start":{"line":37,"column":0},"end":{"line":37,"column":22}},"37":{"start":{"line":38,"column":0},"end":{"line":38,"column":16}},"38":{"start":{"line":39,"column":0},"end":{"line":39,"column":70}},"39":{"start":{"line":40,"column":0},"end":{"line":40,"column":39}},"40":{"start":{"line":41,"column":0},"end":{"line":41,"column":42}},"41":{"start":{"line":42,"column":0},"end":{"line":42,"column":6}},"42":{"start":{"line":43,"column":0},"end":{"line":43,"column":3}},"43":{"start":{"line":44,"column":0},"end":{"line":44,"column":1}}},"s":{"0":0,"1":0,"6":0,"7":0,"10":0,"11":0,"12":0,"13":0,"15":0,"16":0,"17":0,"18":0,"19":0,"20":0,"22":0,"23":0,"24":0,"26":0,"27":0,"28":0,"30":0,"31":0,"32":0,"34":0,"35":0,"36":0,"37":0,"38":0,"39":0,"40":0,"41":0,"42":0,"43":0},"branchMap":{"0":{"type":"branch","line":1,"loc":{"start":{"line":1,"column":1380},"end":{"line":44,"column":1}},"locations":[{"start":{"line":1,"column":1380},"end":{"line":44,"column":1}}]}},"b":{"0":[0]},"fnMap":{"0":{"name":"(empty-report)","decl":{"start":{"line":1,"column":1380},"end":{"line":44,"column":1}},"loc":{"start":{"line":1,"column":1380},"end":{"line":44,"column":1}},"line":1}},"f":{"0":0}},"/Users/daniel/Projects/p2piano/service/src/database/indexes.ts":{"path":"/Users/daniel/Projects/p2piano/service/src/database/indexes.ts","all":true,"statementMap":{"0":{"start":{"line":1,"column":0},"end":{"line":1,"column":43}},"12":{"start":{"line":13,"column":0},"end":{"line":13,"column":40}},"13":{"start":{"line":14,"column":0},"end":{"line":14,"column":59}},"16":{"start":{"line":17,"column":0},"end":{"line":17,"column":68}},"19":{"start":{"line":20,"column":0},"end":{"line":20,"column":84}},"22":{"start":{"line":23,"column":0},"end":{"line":23,"column":64}},"23":{"start":{"line":24,"column":0},"end":{"line":24,"column":1}},"28":{"start":{"line":29,"column":0},"end":{"line":29,"column":37}},"29":{"start":{"line":30,"column":0},"end":{"line":30,"column":53}},"32":{"start":{"line":33,"column":0},"end":{"line":33,"column":62}},"35":{"start":{"line":36,"column":0},"end":{"line":36,"column":77}},"39":{"start":{"line":40,"column":0},"end":{"line":40,"column":1}},"45":{"start":{"line":46,"column":0},"end":{"line":46,"column":37}},"46":{"start":{"line":47,"column":0},"end":{"line":47,"column":25}},"47":{"start":{"line":48,"column":0},"end":{"line":48,"column":22}},"48":{"start":{"line":49,"column":0},"end":{"line":49,"column":1}}},"s":{"0":0,"12":0,"13":0,"16":0,"19":0,"22":0,"23":0,"28":0,"29":0,"32":0,"35":0,"39":0,"45":0,"46":0,"47":0,"48":0},"branchMap":{"0":{"type":"branch","line":1,"loc":{"start":{"line":1,"column":2092},"end":{"line":65,"column":3}},"locations":[{"start":{"line":1,"column":2092},"end":{"line":65,"column":3}}]}},"b":{"0":[0]},"fnMap":{"0":{"name":"(empty-report)","decl":{"start":{"line":1,"column":2092},"end":{"line":65,"column":3}},"loc":{"start":{"line":1,"column":2092},"end":{"line":65,"column":3}},"line":1}},"f":{"0":0}},"/Users/daniel/Projects/p2piano/service/src/websockets/signal/signal.module.ts":{"path":"/Users/daniel/Projects/p2piano/service/src/websockets/signal/signal.module.ts","all":true,"statementMap":{"0":{"start":{"line":1,"column":0},"end":{"line":1,"column":40}},"1":{"start":{"line":2,"column":0},"end":{"line":2,"column":34}},"4":{"start":{"line":5,"column":0},"end":{"line":5,"column":9}},"5":{"start":{"line":6,"column":0},"end":{"line":6,"column":22}},"6":{"start":{"line":7,"column":0},"end":{"line":7,"column":2}},"7":{"start":{"line":8,"column":0},"end":{"line":8,"column":29}}},"s":{"0":0,"1":0,"4":0,"5":0,"6":0,"7":0},"branchMap":{"0":{"type":"branch","line":1,"loc":{"start":{"line":1,"column":143},"end":{"line":8,"column":29}},"locations":[{"start":{"line":1,"column":143},"end":{"line":8,"column":29}}]}},"b":{"0":[0]},"fnMap":{"0":{"name":"(empty-report)","decl":{"start":{"line":1,"column":143},"end":{"line":8,"column":29}},"loc":{"start":{"line":1,"column":143},"end":{"line":8,"column":29}},"line":1}},"f":{"0":0}},"/Users/daniel/Projects/p2piano/service/src/clients/Database.ts":{"path":"/Users/daniel/Projects/p2piano/service/src/clients/Database.ts","all":true,"statementMap":{"0":{"start":{"line":1,"column":0},"end":{"line":1,"column":40}},"1":{"start":{"line":2,"column":0},"end":{"line":2,"column":38}},"2":{"start":{"line":3,"column":0},"end":{"line":3,"column":54}},"6":{"start":{"line":7,"column":0},"end":{"line":7,"column":23}},"8":{"start":{"line":9,"column":0},"end":{"line":9,"column":31}},"9":{"start":{"line":10,"column":0},"end":{"line":10,"column":30}},"10":{"start":{"line":11,"column":0},"end":{"line":11,"column":55}},"11":{"start":{"line":12,"column":0},"end":{"line":12,"column":61}},"12":{"start":{"line":13,"column":0},"end":{"line":13,"column":34}},"13":{"start":{"line":14,"column":0},"end":{"line":14,"column":50}},"15":{"start":{"line":16,"column":0},"end":{"line":16,"column":17}},"16":{"start":{"line":17,"column":0},"end":{"line":17,"column":65}},"17":{"start":{"line":18,"column":0},"end":{"line":18,"column":22}},"18":{"start":{"line":19,"column":0},"end":{"line":19,"column":37}},"19":{"start":{"line":20,"column":0},"end":{"line":20,"column":29}},"20":{"start":{"line":21,"column":0},"end":{"line":21,"column":30}},"21":{"start":{"line":22,"column":0},"end":{"line":22,"column":24}},"22":{"start":{"line":23,"column":0},"end":{"line":23,"column":7}},"23":{"start":{"line":24,"column":0},"end":{"line":24,"column":3}},"25":{"start":{"line":26,"column":0},"end":{"line":26,"column":32}},"27":{"start":{"line":28,"column":0},"end":{"line":28,"column":38}},"28":{"start":{"line":29,"column":0},"end":{"line":29,"column":21}},"29":{"start":{"line":30,"column":0},"end":{"line":30,"column":5}},"32":{"start":{"line":33,"column":0},"end":{"line":33,"column":33}},"33":{"start":{"line":34,"column":0},"end":{"line":34,"column":36}},"34":{"start":{"line":35,"column":0},"end":{"line":35,"column":5}},"37":{"start":{"line":38,"column":0},"end":{"line":38,"column":54}},"38":{"start":{"line":39,"column":0},"end":{"line":39,"column":34}},"39":{"start":{"line":40,"column":0},"end":{"line":40,"column":3}},"41":{"start":{"line":42,"column":0},"end":{"line":42,"column":50}},"42":{"start":{"line":43,"column":0},"end":{"line":43,"column":66}},"43":{"start":{"line":44,"column":0},"end":{"line":44,"column":11}},"44":{"start":{"line":45,"column":0},"end":{"line":45,"column":100}},"45":{"start":{"line":46,"column":0},"end":{"line":46,"column":36}},"46":{"start":{"line":47,"column":0},"end":{"line":47,"column":44}},"47":{"start":{"line":48,"column":0},"end":{"line":48,"column":32}},"48":{"start":{"line":49,"column":0},"end":{"line":49,"column":61}},"49":{"start":{"line":50,"column":0},"end":{"line":50,"column":23}},"50":{"start":{"line":51,"column":0},"end":{"line":51,"column":23}},"51":{"start":{"line":52,"column":0},"end":{"line":52,"column":84}},"52":{"start":{"line":53,"column":0},"end":{"line":53,"column":115}},"54":{"start":{"line":55,"column":0},"end":{"line":55,"column":42}},"55":{"start":{"line":56,"column":0},"end":{"line":56,"column":81}},"56":{"start":{"line":57,"column":0},"end":{"line":57,"column":86}},"57":{"start":{"line":58,"column":0},"end":{"line":58,"column":109}},"58":{"start":{"line":59,"column":0},"end":{"line":59,"column":9}},"60":{"start":{"line":61,"column":0},"end":{"line":61,"column":75}},"61":{"start":{"line":62,"column":0},"end":{"line":62,"column":7}},"62":{"start":{"line":63,"column":0},"end":{"line":63,"column":5}},"64":{"start":{"line":65,"column":0},"end":{"line":65,"column":63}},"65":{"start":{"line":66,"column":0},"end":{"line":66,"column":3}},"67":{"start":{"line":68,"column":0},"end":{"line":68,"column":21}},"68":{"start":{"line":69,"column":0},"end":{"line":69,"column":40}},"71":{"start":{"line":72,"column":0},"end":{"line":72,"column":37}},"72":{"start":{"line":73,"column":0},"end":{"line":73,"column":83}},"73":{"start":{"line":74,"column":0},"end":{"line":74,"column":9}},"77":{"start":{"line":78,"column":0},"end":{"line":78,"column":21}},"78":{"start":{"line":79,"column":0},"end":{"line":79,"column":69}},"79":{"start":{"line":80,"column":0},"end":{"line":80,"column":39}},"80":{"start":{"line":81,"column":0},"end":{"line":81,"column":7}},"81":{"start":{"line":82,"column":0},"end":{"line":82,"column":5}},"82":{"start":{"line":83,"column":0},"end":{"line":83,"column":19}},"83":{"start":{"line":84,"column":0},"end":{"line":84,"column":3}},"85":{"start":{"line":86,"column":0},"end":{"line":86,"column":37}},"86":{"start":{"line":87,"column":0},"end":{"line":87,"column":27}},"87":{"start":{"line":88,"column":0},"end":{"line":88,"column":32}},"88":{"start":{"line":89,"column":0},"end":{"line":89,"column":31}},"89":{"start":{"line":90,"column":0},"end":{"line":90,"column":21}},"90":{"start":{"line":91,"column":0},"end":{"line":91,"column":36}},"91":{"start":{"line":92,"column":0},"end":{"line":92,"column":51}},"92":{"start":{"line":93,"column":0},"end":{"line":93,"column":5}},"93":{"start":{"line":94,"column":0},"end":{"line":94,"column":3}},"95":{"start":{"line":96,"column":0},"end":{"line":96,"column":24}},"96":{"start":{"line":97,"column":0},"end":{"line":97,"column":48}},"97":{"start":{"line":98,"column":0},"end":{"line":98,"column":3}},"99":{"start":{"line":100,"column":0},"end":{"line":100,"column":44}},"100":{"start":{"line":101,"column":0},"end":{"line":101,"column":59}},"101":{"start":{"line":102,"column":0},"end":{"line":102,"column":3}},"102":{"start":{"line":103,"column":0},"end":{"line":103,"column":1}},"105":{"start":{"line":106,"column":0},"end":{"line":106,"column":46}},"108":{"start":{"line":109,"column":0},"end":{"line":109,"column":42}},"109":{"start":{"line":110,"column":0},"end":{"line":110,"column":91}},"110":{"start":{"line":111,"column":0},"end":{"line":111,"column":3}},"112":{"start":{"line":113,"column":0},"end":{"line":113,"column":45}}},"s":{"0":0,"1":0,"2":0,"6":0,"8":0,"9":0,"10":0,"11":0,"12":0,"13":0,"15":0,"16":0,"17":0,"18":0,"19":0,"20":0,"21":0,"22":0,"23":0,"25":0,"27":0,"28":0,"29":0,"32":0,"33":0,"34":0,"37":0,"38":0,"39":0,"41":0,"42":0,"43":0,"44":0,"45":0,"46":0,"47":0,"48":0,"49":0,"50":0,"51":0,"52":0,"54":0,"55":0,"56":0,"57":0,"58":0,"60":0,"61":0,"62":0,"64":0,"65":0,"67":0,"68":0,"71":0,"72":0,"73":0,"77":0,"78":0,"79":0,"80":0,"81":0,"82":0,"83":0,"85":0,"86":0,"87":0,"88":0,"89":0,"90":0,"91":0,"92":0,"93":0,"95":0,"96":0,"97":0,"99":0,"100":0,"101":0,"102":0,"105":0,"108":0,"109":0,"110":0,"112":0},"branchMap":{"0":{"type":"branch","line":1,"loc":{"start":{"line":1,"column":3740},"end":{"line":113,"column":45}},"locations":[{"start":{"line":1,"column":3740},"end":{"line":113,"column":45}}]}},"b":{"0":[0]},"fnMap":{"0":{"name":"(empty-report)","decl":{"start":{"line":1,"column":3740},"end":{"line":113,"column":45}},"loc":{"start":{"line":1,"column":3740},"end":{"line":113,"column":45}},"line":1}},"f":{"0":0}},"/Users/daniel/Projects/p2piano/service/src/types/socket.ts":{"path":"/Users/daniel/Projects/p2piano/service/src/types/socket.ts","all":true,"statementMap":{},"s":{},"branchMap":{"0":{"type":"branch","line":1,"loc":{"start":{"line":1,"column":318},"end":{"line":8,"column":1}},"locations":[{"start":{"line":1,"column":318},"end":{"line":8,"column":1}}]}},"b":{"0":[1]},"fnMap":{"0":{"name":"(empty-report)","decl":{"start":{"line":1,"column":318},"end":{"line":8,"column":1}},"loc":{"start":{"line":1,"column":318},"end":{"line":8,"column":1}},"line":1}},"f":{"0":1}},"/Users/daniel/Projects/p2piano/service/src/types/request.ts":{"path":"/Users/daniel/Projects/p2piano/service/src/types/request.ts","all":true,"statementMap":{},"s":{},"branchMap":{"0":{"type":"branch","line":1,"loc":{"start":{"line":1,"column":468},"end":{"line":20,"column":1}},"locations":[{"start":{"line":1,"column":468},"end":{"line":20,"column":1}}]}},"b":{"0":[1]},"fnMap":{"0":{"name":"(empty-report)","decl":{"start":{"line":1,"column":468},"end":{"line":20,"column":1}},"loc":{"start":{"line":1,"column":468},"end":{"line":20,"column":1}},"line":1}},"f":{"0":1}},"/Users/daniel/Projects/p2piano/service/src/utils/workspaceTypes.ts":{"path":"/Users/daniel/Projects/p2piano/service/src/utils/workspaceTypes.ts","all":true,"statementMap":{},"s":{},"branchMap":{"0":{"type":"branch","line":1,"loc":{"start":{"line":1,"column":209},"end":{"line":14,"column":2}},"locations":[{"start":{"line":1,"column":209},"end":{"line":14,"column":2}}]}},"b":{"0":[1]},"fnMap":{"0":{"name":"(empty-report)","decl":{"start":{"line":1,"column":209},"end":{"line":14,"column":2}},"loc":{"start":{"line":1,"column":209},"end":{"line":14,"column":2}},"line":1}},"f":{"0":1}},"/Users/daniel/Projects/p2piano/service/src/types/raw-request.ts":{"path":"/Users/daniel/Projects/p2piano/service/src/types/raw-request.ts","all":true,"statementMap":{},"s":{},"branchMap":{"0":{"type":"branch","line":1,"loc":{"start":{"line":1,"column":1975},"end":{"line":91,"column":1}},"locations":[{"start":{"line":1,"column":1975},"end":{"line":91,"column":1}}]}},"b":{"0":[1]},"fnMap":{"0":{"name":"(empty-report)","decl":{"start":{"line":1,"column":1975},"end":{"line":91,"column":1}},"loc":{"start":{"line":1,"column":1975},"end":{"line":91,"column":1}},"line":1}},"f":{"0":1}},"/Users/daniel/Projects/p2piano/service/src/websockets/room/payloads.ts":{"path":"/Users/daniel/Projects/p2piano/service/src/websockets/room/payloads.ts","all":true,"statementMap":{},"s":{},"branchMap":{"0":{"type":"branch","line":1,"loc":{"start":{"line":1,"column":95},"end":{"line":4,"column":37}},"locations":[{"start":{"line":1,"column":95},"end":{"line":4,"column":37}}]}},"b":{"0":[1]},"fnMap":{"0":{"name":"(empty-report)","decl":{"start":{"line":1,"column":95},"end":{"line":4,"column":37}},"loc":{"start":{"line":1,"column":95},"end":{"line":4,"column":37}},"line":1}},"f":{"0":1}},"/Users/daniel/Projects/p2piano/service/src/websockets/signal/payloads.ts":{"path":"/Users/daniel/Projects/p2piano/service/src/websockets/signal/payloads.ts","all":true,"statementMap":{},"s":{},"branchMap":{"0":{"type":"branch","line":1,"loc":{"start":{"line":1,"column":106},"end":{"line":7,"column":2}},"locations":[{"start":{"line":1,"column":106},"end":{"line":7,"column":2}}]}},"b":{"0":[1]},"fnMap":{"0":{"name":"(empty-report)","decl":{"start":{"line":1,"column":106},"end":{"line":7,"column":2}},"loc":{"start":{"line":1,"column":106},"end":{"line":7,"column":2}},"line":1}},"f":{"0":1}},"/Users/daniel/Projects/p2piano/service/src/websockets/room/room.module.ts":{"path":"/Users/daniel/Projects/p2piano/service/src/websockets/room/room.module.ts","all":true,"statementMap":{"0":{"start":{"line":1,"column":0},"end":{"line":1,"column":40}},"1":{"start":{"line":2,"column":0},"end":{"line":2,"column":30}},"4":{"start":{"line":5,"column":0},"end":{"line":5,"column":9}},"5":{"start":{"line":6,"column":0},"end":{"line":6,"column":20}},"6":{"start":{"line":7,"column":0},"end":{"line":7,"column":2}},"7":{"start":{"line":8,"column":0},"end":{"line":8,"column":27}}},"s":{"0":0,"1":0,"4":0,"5":0,"6":0,"7":0},"branchMap":{"0":{"type":"branch","line":1,"loc":{"start":{"line":1,"column":135},"end":{"line":8,"column":27}},"locations":[{"start":{"line":1,"column":135},"end":{"line":8,"column":27}}]}},"b":{"0":[0]},"fnMap":{"0":{"name":"(empty-report)","decl":{"start":{"line":1,"column":135},"end":{"line":8,"column":27}},"loc":{"start":{"line":1,"column":135},"end":{"line":8,"column":27}},"line":1}},"f":{"0":0}},"/Users/daniel/Projects/p2piano/service/src/websockets/notes/notes.module.ts":{"path":"/Users/daniel/Projects/p2piano/service/src/websockets/notes/notes.module.ts","all":true,"statementMap":{"0":{"start":{"line":1,"column":0},"end":{"line":1,"column":40}},"1":{"start":{"line":2,"column":0},"end":{"line":2,"column":32}},"4":{"start":{"line":5,"column":0},"end":{"line":5,"column":9}},"5":{"start":{"line":6,"column":0},"end":{"line":6,"column":21}},"6":{"start":{"line":7,"column":0},"end":{"line":7,"column":2}},"7":{"start":{"line":8,"column":0},"end":{"line":8,"column":28}}},"s":{"0":0,"1":0,"4":0,"5":0,"6":0,"7":0},"branchMap":{"0":{"type":"branch","line":1,"loc":{"start":{"line":1,"column":139},"end":{"line":8,"column":28}},"locations":[{"start":{"line":1,"column":139},"end":{"line":8,"column":28}}]}},"b":{"0":[0]},"fnMap":{"0":{"name":"(empty-report)","decl":{"start":{"line":1,"column":139},"end":{"line":8,"column":28}},"loc":{"start":{"line":1,"column":139},"end":{"line":8,"column":28}},"line":1}},"f":{"0":0}},"/Users/daniel/Projects/p2piano/service/src/websockets/notes/payloads.ts":{"path":"/Users/daniel/Projects/p2piano/service/src/websockets/notes/payloads.ts","all":true,"statementMap":{},"s":{},"branchMap":{"0":{"type":"branch","line":1,"loc":{"start":{"line":1,"column":173},"end":{"line":10,"column":2}},"locations":[{"start":{"line":1,"column":173},"end":{"line":10,"column":2}}]}},"b":{"0":[1]},"fnMap":{"0":{"name":"(empty-report)","decl":{"start":{"line":1,"column":173},"end":{"line":10,"column":2}},"loc":{"start":{"line":1,"column":173},"end":{"line":10,"column":2}},"line":1}},"f":{"0":1}}}}